<?xml version="1.0" encoding="UTF-8"?>
<!-- Generated by org.testng.reporters.JUnitReportReporter -->
<testsuite hostname="DESKTOP-NHIF91H" failures="0" tests="1" name="dsfdsf.AgiliboTest" time="19.412" errors="0" timestamp="2024-09-19T06:08:12 PDT" skipped="0">
  <testcase classname="dsfdsf.AgiliboTest" name="correctCredentials" time="19.412"/>
</testsuite> <!-- dsfdsf.AgiliboTest -->
