<?xml version="1.0" encoding="UTF-8"?>
<!-- Generated by org.testng.reporters.JUnitReportReporter -->
<testsuite hostname="DESKTOP-NHIF91H" failures="0" tests="3" name="appium.NetworkTesting" time="123.063" errors="0" timestamp="2024-08-29T10:23:05 PDT" skipped="0">
  <testcase classname="appium.NetworkTesting" name="testSpeed" time="2.805"/>
  <testcase classname="appium.NetworkTesting" name="testSpeed" time="87.251"/>
  <testcase classname="appium.NetworkTesting" name="testSpeed" time="33.007"/>
</testsuite> <!-- appium.NetworkTesting -->
