<?xml version="1.0" encoding="UTF-8"?>
<!-- Generated by org.testng.reporters.JUnitReportReporter -->
<testsuite hostname="DESKTOP-NHIF91H" failures="0" tests="2" name="appium.CrossBrowser" time="7.742" errors="0" timestamp="2024-08-30T02:23:06 PDT" skipped="0">
  <testcase classname="appium.CrossBrowser" name="testSpeed" time="0.665"/>
  <testcase classname="appium.CrossBrowser" name="testSpeed" time="7.077"/>
</testsuite> <!-- appium.CrossBrowser -->
